2020-11-01 20:22:49.447  INFO 19836 --- [main] c.sudo.productapi.ProductapiApplication  : Starting ProductapiApplication on LAPTOP-SNGJ6DFH with PID 19836 (C:\Users\sudee\Documents\workspace-spring-tool-suite-4-4.8.0.RELEASE\productapi\target\classes started by sudee in C:\Users\sudee\Documents\workspace-spring-tool-suite-4-4.8.0.RELEASE\productapi)
2020-11-01 20:22:49.457  INFO 19836 --- [main] c.sudo.productapi.ProductapiApplication  : The following profiles are active: prod
2020-11-01 20:22:50.595  INFO 19836 --- [main] .s.d.r.c.RepositoryConfigurationDelegate : Bootstrapping Spring Data JPA repositories in DEFERRED mode.
2020-11-01 20:22:50.668  INFO 19836 --- [main] .s.d.r.c.RepositoryConfigurationDelegate : Finished Spring Data repository scanning in 60ms. Found 1 JPA repository interfaces.
2020-11-01 20:22:51.139  INFO 19836 --- [main] o.s.b.w.embedded.tomcat.TomcatWebServer  : Tomcat initialized with port(s): 8080 (http)
2020-11-01 20:22:51.147  INFO 19836 --- [main] o.apache.catalina.core.StandardService   : Starting service [Tomcat]
2020-11-01 20:22:51.148  INFO 19836 --- [main] org.apache.catalina.core.StandardEngine  : Starting Servlet engine: [Apache Tomcat/9.0.38]
2020-11-01 20:22:51.270  INFO 19836 --- [main] o.a.c.c.C.[.[localhost].[/productapi]    : Initializing Spring embedded WebApplicationContext
2020-11-01 20:22:51.270  INFO 19836 --- [main] w.s.c.ServletWebServerApplicationContext : Root WebApplicationContext: initialization completed in 1736 ms
2020-11-01 20:22:51.606  INFO 19836 --- [main] o.s.s.concurrent.ThreadPoolTaskExecutor  : Initializing ExecutorService 'applicationTaskExecutor'
2020-11-01 20:22:51.614  INFO 19836 --- [main] com.zaxxer.hikari.HikariDataSource       : HikariPool-1 - Starting...
2020-11-01 20:22:52.376  INFO 19836 --- [main] com.zaxxer.hikari.HikariDataSource       : HikariPool-1 - Start completed.
2020-11-01 20:22:52.438  INFO 19836 --- [task-1] o.hibernate.jpa.internal.util.LogHelper  : HHH000204: Processing PersistenceUnitInfo [name: default]
2020-11-01 20:22:52.497  WARN 19836 --- [main] JpaBaseConfiguration$JpaWebConfiguration : spring.jpa.open-in-view is enabled by default. Therefore, database queries may be performed during view rendering. Explicitly configure spring.jpa.open-in-view to disable this warning
2020-11-01 20:22:52.529  INFO 19836 --- [task-1] org.hibernate.Version                    : HHH000412: Hibernate ORM core version 5.4.21.Final
2020-11-01 20:22:52.788  INFO 19836 --- [task-1] o.hibernate.annotations.common.Version   : HCANN000001: Hibernate Commons Annotations {5.1.0.Final}
2020-11-01 20:22:52.963  INFO 19836 --- [task-1] org.hibernate.dialect.Dialect            : HHH000400: Using dialect: org.hibernate.dialect.MySQL8Dialect
2020-11-01 20:22:53.578  INFO 19836 --- [task-1] o.h.e.t.j.p.i.JtaPlatformInitiator       : HHH000490: Using JtaPlatform implementation: [org.hibernate.engine.transaction.jta.platform.internal.NoJtaPlatform]
2020-11-01 20:22:53.587  INFO 19836 --- [task-1] j.LocalContainerEntityManagerFactoryBean : Initialized JPA EntityManagerFactory for persistence unit 'default'
2020-11-01 20:22:53.633  INFO 19836 --- [main] o.s.b.a.e.web.EndpointLinksResolver      : Exposing 14 endpoint(s) beneath base path '/actuator'
2020-11-01 20:22:53.693  INFO 19836 --- [main] o.s.b.w.embedded.tomcat.TomcatWebServer  : Tomcat started on port(s): 8080 (http) with context path '/productapi'
2020-11-01 20:22:53.695  INFO 19836 --- [main] DeferredRepositoryInitializationListener : Triggering deferred initialization of Spring Data repositories…
2020-11-01 20:22:53.964  INFO 19836 --- [main] DeferredRepositoryInitializationListener : Spring Data repositories initialized!
2020-11-01 20:22:53.980  INFO 19836 --- [main] c.sudo.productapi.ProductapiApplication  : Started ProductapiApplication in 5.052 seconds (JVM running for 6.342)
2020-11-01 20:22:55.547  INFO 19836 --- [RMI TCP Connection(4)-127.0.0.1] o.a.c.c.C.[.[localhost].[/productapi]    : Initializing Spring DispatcherServlet 'dispatcherServlet'
2020-11-01 20:22:55.548  INFO 19836 --- [RMI TCP Connection(4)-127.0.0.1] o.s.web.servlet.DispatcherServlet        : Initializing Servlet 'dispatcherServlet'
2020-11-01 20:22:55.559  INFO 19836 --- [RMI TCP Connection(4)-127.0.0.1] o.s.web.servlet.DispatcherServlet        : Completed initialization in 11 ms
